Time initializing lexical utilities (s): 0.278
OVERLAPPING
Time extracting overlapping (s): 1.094
Time extracting lexicon and IF (s): 0.07
Time intersecting IF and extracting IF weak (s): 0.015
Time extracting structural information (s): 3.69
Time creating all weak anchors (s): 0.002
Time creating candidate subset of weak anchors (s): 0.005
Global Time Parsing and Index Lexicon (s): 5.175

ANCHOR DIAGNOSIS 
Time creating anchors (s): 0.038
Time cleaning anchors D&G (s): 0.039
Time indexing hierarchy + anchors (ILS) (s): 0.01

CANDIDATE DIAGNOSIS 1
Time creating candidates (s): 0.017
Time cleaning new candidates D&G (s): 0.037
Time indexing hierarchy + anchors and candidates I (ILS) (s): 0.011

CANDIDATE DIAGNOSIS 2
Time interactive process (s): 0.002
Time cleaning interactive mappings D&G (s): 0.037
Time creating property mappings (s): 0.009
Time creating instance mappings (s): 0.009
Time Saving output mapping files (s): 0.031
Time Saving overlapping and integrated ontologies (s): 0.094
TOTAL TIME (s): 5.52
