Time initializing lexical utilities (s): 0.274
OVERLAPPING
Time extracting overlapping (s): 0.476
Time extracting lexicon and IF (s): 0.138
Time intersecting IF and extracting IF weak (s): 0.034
Time extracting structural information (s): 0.287
Time creating all weak anchors (s): 0.007
Time creating candidate subset of weak anchors (s): 0.1
Global Time Parsing and Index Lexicon (s): 1.336

ANCHOR DIAGNOSIS 
Time creating anchors (s): 0.058
Time cleaning anchors D&G (s): 0.057
Time indexing hierarchy + anchors (ILS) (s): 0.022

CANDIDATE DIAGNOSIS 1
Time creating candidates (s): 0.159
Time cleaning new candidates D&G (s): 0.106
Time indexing hierarchy + anchors and candidates I (ILS) (s): 0.016

CANDIDATE DIAGNOSIS 2
Time interactive process (s): 0.004
Time cleaning interactive mappings D&G (s): 0.066
Time creating property mappings (s): 0.008
Time creating instance mappings (s): 0.008
Time Saving output mapping files (s): 0.097
Time Saving overlapping and integrated ontologies (s): 0.203
TOTAL TIME (s): 2.158
