Time initializing lexical utilities (s): 0.408
OVERLAPPING
Time extracting overlapping (s): 1.039
Time extracting lexicon and IF (s): 0.063
Time intersecting IF and extracting IF weak (s): 0.01
Time extracting structural information (s): 2.407
Time creating all weak anchors (s): 0.001
Time creating candidate subset of weak anchors (s): 0.001
Global Time Parsing and Index Lexicon (s): 3.945

ANCHOR DIAGNOSIS 
Time creating anchors (s): 0.002
Time cleaning anchors D&G (s): 0.012
Time indexing hierarchy + anchors (ILS) (s): 0.006

CANDIDATE DIAGNOSIS 1
Time creating candidates (s): 0.02
Time cleaning new candidates D&G (s): 0.013
Time indexing hierarchy + anchors and candidates I (ILS) (s): 0.005

CANDIDATE DIAGNOSIS 2
Time interactive process (s): 0.001
Time cleaning interactive mappings D&G (s): 0.012
Time creating property mappings (s): 0.214
Time creating instance mappings (s): 0.006
Time Saving output mapping files (s): 0.003
Time Saving overlapping and integrated ontologies (s): 0.078
TOTAL TIME (s): 4.328
