Time initializing lexical utilities (s): 0.279
OVERLAPPING
Time extracting overlapping (s): 19.127
Time extracting lexicon and IF (s): 0.227
Time intersecting IF and extracting IF weak (s): 0.016
Time extracting structural information (s): 29.694
Time creating all weak anchors (s): 0.001
Time creating candidate subset of weak anchors (s): 0.001
Global Time Parsing and Index Lexicon (s): 49.363

ANCHOR DIAGNOSIS 
Time creating anchors (s): 0.001
Time cleaning anchors D&G (s): 0.006
Time indexing hierarchy + anchors (ILS) (s): 0.005

CANDIDATE DIAGNOSIS 1
Time creating candidates (s): 0.01
Time cleaning new candidates D&G (s): 0.005
Time indexing hierarchy + anchors and candidates I (ILS) (s): 0.005

CANDIDATE DIAGNOSIS 2
Time interactive process (s): 0.001
Time cleaning interactive mappings D&G (s): 0.005
Time creating property mappings (s): 4.372
Time creating instance mappings (s): 0.02
Time Saving output mapping files (s): 0.008
Time Saving overlapping and integrated ontologies (s): 0.25
TOTAL TIME (s): 54.081
