Time initializing lexical utilities (s): 0.28
OVERLAPPING
Time extracting overlapping (s): 15.201
Time extracting lexicon and IF (s): 0.11
Time intersecting IF and extracting IF weak (s): 0.018
Time extracting structural information (s): 13.343
Time creating all weak anchors (s): 0.0
Time creating candidate subset of weak anchors (s): 0.002
Global Time Parsing and Index Lexicon (s): 28.99

ANCHOR DIAGNOSIS 
Time creating anchors (s): 0.002
Time cleaning anchors D&G (s): 0.007
Time indexing hierarchy + anchors (ILS) (s): 0.004

CANDIDATE DIAGNOSIS 1
Time creating candidates (s): 0.01
Time cleaning new candidates D&G (s): 0.007
Time indexing hierarchy + anchors and candidates I (ILS) (s): 0.004

CANDIDATE DIAGNOSIS 2
Time interactive process (s): 0.001
Time cleaning interactive mappings D&G (s): 0.006
Time creating property mappings (s): 0.029
Time creating instance mappings (s): 0.005
Time Saving output mapping files (s): 0.009
Time Saving overlapping and integrated ontologies (s): 0.105
TOTAL TIME (s): 29.224
