Time initializing lexical utilities (s): 0.277
OVERLAPPING
Time extracting overlapping (s): 1.557
Time extracting lexicon and IF (s): 0.209
Time intersecting IF and extracting IF weak (s): 0.011
Time extracting structural information (s): 25.771
Time creating all weak anchors (s): 0.0
Time creating candidate subset of weak anchors (s): 0.001
Global Time Parsing and Index Lexicon (s): 27.844

ANCHOR DIAGNOSIS 
Time creating anchors (s): 0.0
Time cleaning anchors D&G (s): 0.004
Time indexing hierarchy + anchors (ILS) (s): 0.003

CANDIDATE DIAGNOSIS 1
Time creating candidates (s): 0.001
Time cleaning new candidates D&G (s): 0.004
Time indexing hierarchy + anchors and candidates I (ILS) (s): 0.003
Time creating property mappings (s): 1.415
Time creating instance mappings (s): 0.002
Time Saving reliable mappings (s): 0.0
Time Saving mapping 2 review (s): 0.0
Time Saving overlapping and integrated ontologies (s): 0.245
Time creating information for mappings2ask (s): 0.009
TOTAL TIME (without interactivity) (s): 29.559
