Time initializing lexical utilities (s): 0.299
OVERLAPPING
Time extracting overlapping (s): 17.312
Time extracting lexicon and IF (s): 0.462
Time intersecting IF and extracting IF weak (s): 0.087
Time extracting structural information (s): 11.231
Time creating all weak anchors (s): 0.0
Time creating candidate subset of weak anchors (s): 0.014
Global Time Parsing and Index Lexicon (s): 29.447

ANCHOR DIAGNOSIS 
Time creating anchors (s): 0.0
Time cleaning anchors D&G (s): 0.324
Time indexing hierarchy + anchors (ILS) (s): 0.144

CANDIDATE DIAGNOSIS 1
Time creating candidates (s): 0.005
Time cleaning new candidates D&G (s): 0.227
Time indexing hierarchy + anchors and candidates I (ILS) (s): 0.126

CANDIDATE DIAGNOSIS 2
Time interactive process (s): 0.001
Time cleaning interactive mappings D&G (s): 0.285
Time creating property mappings (s): 0.012
Time creating instance mappings (s): 0.025
Time Saving output mapping files (s): 0.008
Time Saving overlapping and integrated ontologies (s): 0.759
TOTAL TIME (s): 31.372
